<?xml version="1.0" encoding="UTF-8"?>
<coverage generated="1780425910810" clover="3.2.0">
  <project timestamp="1780425910810" name="All files">
    <metrics statements="14" coveredstatements="13" conditionals="21" coveredconditionals="19" methods="1" coveredmethods="1" elements="36" coveredelements="33" complexity="0" loc="14" ncloc="14" packages="1" files="1" classes="1"/>
    <file name="registroProducto.js" path="C:\repoStan\Proyecto-Individual-2026\src\test\registroProducto.js">
      <metrics statements="14" coveredstatements="13" conditionals="21" coveredconditionals="19" methods="1" coveredmethods="1"/>
      <line num="3" count="5" type="cond" truecount="1" falsecount="1"/>
      <line num="7" count="5" type="cond" truecount="5" falsecount="0"/>
      <line num="8" count="1" type="stmt"/>
      <line num="12" count="4" type="stmt"/>
      <line num="13" count="4" type="cond" truecount="1" falsecount="1"/>
      <line num="14" count="0" type="stmt"/>
      <line num="19" count="4" type="cond" truecount="4" falsecount="0"/>
      <line num="20" count="1" type="stmt"/>
      <line num="25" count="3" type="cond" truecount="4" falsecount="0"/>
      <line num="26" count="1" type="stmt"/>
      <line num="31" count="2" type="cond" truecount="4" falsecount="0"/>
      <line num="32" count="1" type="stmt"/>
      <line num="36" count="1" type="stmt"/>
      <line num="40" count="1" type="stmt"/>
    </file>
  </project>
</coverage>
