{"C:\\repoStan\\Proyecto-Individual-2026\\src\\test\\registroProducto.js": {"path":"C:\\repoStan\\Proyecto-Individual-2026\\src\\test\\registroProducto.js","statementMap":{"0":{"start":{"line":3,"column":66},"end":{"line":3,"column":80}},"1":{"start":{"line":7,"column":4},"end":{"line":9,"column":5}},"2":{"start":{"line":8,"column":8},"end":{"line":8,"column":93}},"3":{"start":{"line":12,"column":24},"end":{"line":12,"column":51}},"4":{"start":{"line":13,"column":4},"end":{"line":15,"column":5}},"5":{"start":{"line":14,"column":8},"end":{"line":14,"column":95}},"6":{"start":{"line":19,"column":4},"end":{"line":21,"column":5}},"7":{"start":{"line":20,"column":8},"end":{"line":20,"column":84}},"8":{"start":{"line":25,"column":4},"end":{"line":27,"column":5}},"9":{"start":{"line":26,"column":8},"end":{"line":26,"column":83}},"10":{"start":{"line":31,"column":4},"end":{"line":33,"column":5}},"11":{"start":{"line":32,"column":8},"end":{"line":32,"column":92}},"12":{"start":{"line":36,"column":4},"end":{"line":36,"column":28}},"13":{"start":{"line":40,"column":0},"end":{"line":40,"column":34}}},"fnMap":{"0":{"name":"registroProducto","decl":{"start":{"line":1,"column":9},"end":{"line":1,"column":25}},"loc":{"start":{"line":1,"column":36},"end":{"line":37,"column":1}},"line":1}},"branchMap":{"0":{"loc":{"start":{"line":3,"column":66},"end":{"line":3,"column":80}},"type":"binary-expr","locations":[{"start":{"line":3,"column":66},"end":{"line":3,"column":74}},{"start":{"line":3,"column":78},"end":{"line":3,"column":80}}],"line":3},"1":{"loc":{"start":{"line":7,"column":4},"end":{"line":9,"column":5}},"type":"if","locations":[{"start":{"line":7,"column":4},"end":{"line":9,"column":5}},{"start":{},"end":{}}],"line":7},"2":{"loc":{"start":{"line":7,"column":8},"end":{"line":7,"column":63}},"type":"binary-expr","locations":[{"start":{"line":7,"column":8},"end":{"line":7,"column":24}},{"start":{"line":7,"column":28},"end":{"line":7,"column":47}},{"start":{"line":7,"column":51},"end":{"line":7,"column":63}}],"line":7},"3":{"loc":{"start":{"line":13,"column":4},"end":{"line":15,"column":5}},"type":"if","locations":[{"start":{"line":13,"column":4},"end":{"line":15,"column":5}},{"start":{},"end":{}}],"line":13},"4":{"loc":{"start":{"line":19,"column":4},"end":{"line":21,"column":5}},"type":"if","locations":[{"start":{"line":19,"column":4},"end":{"line":21,"column":5}},{"start":{},"end":{}}],"line":19},"5":{"loc":{"start":{"line":19,"column":8},"end":{"line":19,"column":55}},"type":"binary-expr","locations":[{"start":{"line":19,"column":8},"end":{"line":19,"column":27}},{"start":{"line":19,"column":31},"end":{"line":19,"column":55}}],"line":19},"6":{"loc":{"start":{"line":25,"column":4},"end":{"line":27,"column":5}},"type":"if","locations":[{"start":{"line":25,"column":4},"end":{"line":27,"column":5}},{"start":{},"end":{}}],"line":25},"7":{"loc":{"start":{"line":25,"column":8},"end":{"line":25,"column":41}},"type":"binary-expr","locations":[{"start":{"line":25,"column":8},"end":{"line":25,"column":20}},{"start":{"line":25,"column":24},"end":{"line":25,"column":41}}],"line":25},"8":{"loc":{"start":{"line":31,"column":4},"end":{"line":33,"column":5}},"type":"if","locations":[{"start":{"line":31,"column":4},"end":{"line":33,"column":5}},{"start":{},"end":{}}],"line":31},"9":{"loc":{"start":{"line":31,"column":8},"end":{"line":31,"column":47}},"type":"binary-expr","locations":[{"start":{"line":31,"column":8},"end":{"line":31,"column":19}},{"start":{"line":31,"column":23},"end":{"line":31,"column":47}}],"line":31}},"s":{"0":5,"1":5,"2":1,"3":4,"4":4,"5":0,"6":4,"7":1,"8":3,"9":1,"10":2,"11":1,"12":1,"13":1},"f":{"0":5},"b":{"0":[5,0],"1":[1,4],"2":[5,4,4],"3":[0,4],"4":[1,3],"5":[4,4],"6":[1,2],"7":[3,3],"8":[1,1],"9":[2,1]},"_coverageSchema":"1a1c01bbd47fc00a2c39e90264f33305004495a9","hash":"6ee613e5ec77a9a71edd0c0ee31a64a413220140"}
}
