TN:
SF:src\test\registroProducto.js
FN:1,registroProducto
FNF:1
FNH:1
FNDA:5,registroProducto
DA:3,5
DA:7,5
DA:8,1
DA:12,4
DA:13,4
DA:14,0
DA:19,4
DA:20,1
DA:25,3
DA:26,1
DA:31,2
DA:32,1
DA:36,1
DA:40,1
LF:14
LH:13
BRDA:3,0,0,5
BRDA:3,0,1,0
BRDA:7,1,0,1
BRDA:7,1,1,4
BRDA:7,2,0,5
BRDA:7,2,1,4
BRDA:7,2,2,4
BRDA:13,3,0,0
BRDA:13,3,1,4
BRDA:19,4,0,1
BRDA:19,4,1,3
BRDA:19,5,0,4
BRDA:19,5,1,4
BRDA:25,6,0,1
BRDA:25,6,1,2
BRDA:25,7,0,3
BRDA:25,7,1,3
BRDA:31,8,0,1
BRDA:31,8,1,1
BRDA:31,9,0,2
BRDA:31,9,1,1
BRF:21
BRH:19
end_of_record
